<?xml version="1.0" encoding="UTF-8"?>
<testng-results skipped="0" failed="0" total="1" passed="1">
  <reporter-output>
  </reporter-output>
  <suite name="Default suite" duration-ms="39479" started-at="2018-06-22T19:18:25Z" finished-at="2018-06-22T19:19:04Z">
    <groups>
    </groups>
    <test name="Default test" duration-ms="39479" started-at="2018-06-22T19:18:25Z" finished-at="2018-06-22T19:19:04Z">
      <class name="Execution.Exec">
        <test-method status="PASS" signature="Execution()[pri:0, instance:Execution.Exec@5dfcfece]" name="Execution" duration-ms="39448" started-at="2018-06-22T14:18:25Z" finished-at="2018-06-22T14:19:04Z">
          <reporter-output>
          </reporter-output>
        </test-method> <!-- Execution -->
      </class> <!-- Execution.Exec -->
    </test> <!-- Default test -->
  </suite> <!-- Default suite -->
</testng-results>
